[0308/164111:INFO:CONSOLE(0)] "The source list for Content Security Policy directive 'script-src' contains an invalid source: ''report-sample''. It will be ignored.", source: https://www.altium.com/ad-start/ (0)
[0308/164111:INFO:CONSOLE(0)] "Unrecognized Content-Security-Policy directive 'worker-src'.
", source: https://www.altium.com/ad-start/ (0)
[0318/105411:INFO:CONSOLE(0)] "The source list for Content Security Policy directive 'script-src' contains an invalid source: ''report-sample''. It will be ignored.", source: https://www.altium.com/ad-start/ (0)
[0318/105411:INFO:CONSOLE(0)] "Unrecognized Content-Security-Policy directive 'worker-src'.
", source: https://www.altium.com/ad-start/ (0)
[0320/110503:INFO:CONSOLE(0)] "The source list for Content Security Policy directive 'script-src' contains an invalid source: ''report-sample''. It will be ignored.", source: https://www.altium.com/ad-start/ (0)
[0320/110503:INFO:CONSOLE(0)] "Unrecognized Content-Security-Policy directive 'worker-src'.
", source: https://www.altium.com/ad-start/ (0)
[0320/110539:INFO:CONSOLE(0)] "The source list for Content Security Policy directive 'script-src' contains an invalid source: ''report-sample''. It will be ignored.", source: https://www.altium.com/documentation/ (0)
[0320/110539:INFO:CONSOLE(0)] "Unrecognized Content-Security-Policy directive 'worker-src'.
", source: https://www.altium.com/documentation/ (0)
[0320/110545:INFO:CONSOLE(10)] "Uncaught SyntaxError: Unexpected token )", source: https://www.altium.com/documentation/core/misc/drupalSettingsLoader.js?v=10.2.2 (10)
[0320/110545:INFO:CONSOLE(52)] "Uncaught SyntaxError: Unexpected token )", source: https://www.altium.com/documentation/core/misc/drupal.js?v=10.2.2 (52)
[0320/110545:INFO:CONSOLE(34)] "Uncaught ReferenceError: Drupal is not defined", source: https://www.altium.com/documentation/core/misc/drupal.init.js?v=10.2.2 (34)
[0320/110545:INFO:CONSOLE(3)] "Uncaught ReferenceError: Drupal is not defined", source: https://www.altium.com/documentation/themes/custom/altium_doc/scripts/syntaxhighlighter/init_highlighter.js?v=10.2.2 (3)
[0320/110545:INFO:CONSOLE(1)] "Uncaught ReferenceError: Drupal is not defined", source: https://www.altium.com/documentation/themes/custom/altium_doc/html/dist/js/main.min.js?v=10.2.2 (1)
[0320/110545:INFO:CONSOLE(39)] "Uncaught ReferenceError: Drupal is not defined", source: https://www.altium.com/documentation/themes/custom/altium_doc/scripts/frontend-enhancements.js?v=10.2.2 (39)
[0320/110545:INFO:CONSOLE(150)] "Uncaught SyntaxError: Unexpected token )", source: https://www.altium.com/documentation/core/misc/progress.js?v=10.2.2 (150)
[0320/110545:INFO:CONSOLE(29)] "Uncaught ReferenceError: Drupal is not defined", source: https://www.altium.com/documentation/core/misc/debounce.js?v=10.2.2 (29)
[0320/110545:INFO:CONSOLE(117)] "Uncaught ReferenceError: Drupal is not defined", source: https://www.altium.com/documentation/core/misc/announce.js?v=10.2.2 (117)
[0320/110545:INFO:CONSOLE(114)] "Uncaught SyntaxError: Unexpected token )", source: https://www.altium.com/documentation/core/misc/message.js?v=10.2.2 (114)
[0320/110545:INFO:CONSOLE(21)] "Uncaught SyntaxError: Unexpected token )", source: https://www.altium.com/documentation/core/misc/ajax.js?v=10.2.2 (21)
[0320/110545:INFO:CONSOLE(12)] "Uncaught ReferenceError: Drupal is not defined", source: https://www.altium.com/documentation/themes/custom/stable/js/ajax.js?v=10.2.2 (12)
[0320/110545:INFO:CONSOLE(158)] "Uncaught SyntaxError: Unexpected token )", source: https://www.altium.com/documentation/core/misc/displace.js?v=10.2.2 (158)
[0320/110545:INFO:CONSOLE(17)] "Uncaught ReferenceError: Drupal is not defined", source: https://www.altium.com/documentation/core/misc/jquery.tabbable.shim.js?v=10.2.2 (17)
[0320/110545:INFO:CONSOLE(309)] "Uncaught SyntaxError: Unexpected token )", source: https://www.altium.com/documentation/core/misc/position.js?v=10.2.2 (309)
[0320/110545:INFO:CONSOLE(107)] "Uncaught ReferenceError: Drupal is not defined", source: https://www.altium.com/documentation/core/misc/dialog/dialog.js?v=10.2.2 (107)
[0320/110545:INFO:CONSOLE(17)] "Uncaught SyntaxError: Unexpected token )", source: https://www.altium.com/documentation/core/misc/dialog/dialog.position.js?v=10.2.2 (17)
[0320/110545:INFO:CONSOLE(98)] "Uncaught SyntaxError: Unexpected token )", source: https://www.altium.com/documentation/core/misc/dialog/dialog.ajax.js?v=10.2.2 (98)
[0320/110545:INFO:CONSOLE(125)] "Uncaught ReferenceError: Drupal is not defined", source: https://www.altium.com/documentation/modules/custom/altium_doc_feedback/js/altium-doc-feedback.js?san3wu (125)
[0320/110545:INFO:CONSOLE(48)] "Uncaught ReferenceError: Drupal is not defined", source: https://www.altium.com/documentation/modules/custom/altium_doc_report_issue/js/report-issue.js?v=1.x (48)
[0320/110545:INFO:CONSOLE(14)] "Uncaught ReferenceError: Drupal is not defined", source: https://www.altium.com/documentation/modules/custom/altium_doc_menu/js/altium_doc_menu_add_link.js?san3wu (14)
[0320/110545:INFO:CONSOLE(15)] "Uncaught ReferenceError: drupalSettings is not defined", source: https://www.altium.com/documentation/core/modules/statistics/statistics.js?v=10.2.2 (15)
[0320/110545:INFO:CONSOLE(33)] "Uncaught ReferenceError: Drupal is not defined", source: https://www.altium.com/documentation/modules/custom/altium_doc_menu/js/altium_doc_menu_active_link.js?san3wu (33)
[0320/110545:INFO:CONSOLE(32)] "Uncaught ReferenceError: Drupal is not defined", source: https://www.altium.com/documentation/modules/custom/altium_doc_version/js/altium_doc_version_redirect.js?san3wu (32)
[0320/110545:INFO:CONSOLE(49)] "Uncaught ReferenceError: Drupal is not defined", source: https://www.altium.com/documentation/modules/custom/altium_doc_version/js/altium_doc_version_popup.js?san3wu (49)
[0320/110545:INFO:CONSOLE(141)] "Uncaught SyntaxError: Unexpected token )", source: https://www.altium.com/documentation/core/misc/form.js?v=10.2.2 (141)
[0320/110546:INFO:CONSOLE(2)] "Uncaught SyntaxError: Unexpected identifier", source: https://profile.altium.com/user-info-injectable-to-header/index.js (2)
[0320/110546:INFO:CONSOLE(2)] "Uncaught SyntaxError: Unexpected token ...", source: https://profile.altium.com/global/common.js (2)
[0320/110547:INFO:CONSOLE(7)] "Uncaught (in promise) TypeError: e.append is not a function", source: https://cdn.cookielaw.org/scripttemplates/202402.1.0/otBannerSdk.js (7)
[0320/110547:INFO:CONSOLE(122)] "Uncaught TypeError: link.closest(...).after is not a function", source: https://cdn-shared.altium.com/production/onetrust/onetrust.js (122)
[0320/110549:INFO:CONSOLE(0)] "The source list for Content Security Policy directive 'script-src' contains an invalid source: ''report-sample''. It will be ignored.", source: https://www.altium.com/ad-start/ (0)
[0320/110549:INFO:CONSOLE(0)] "Unrecognized Content-Security-Policy directive 'worker-src'.
", source: https://www.altium.com/ad-start/ (0)
[0322/155130:INFO:CONSOLE(0)] "The source list for Content Security Policy directive 'script-src' contains an invalid source: ''report-sample''. It will be ignored.", source: https://www.altium.com/ad-start/ (0)
[0322/155130:INFO:CONSOLE(0)] "Unrecognized Content-Security-Policy directive 'worker-src'.
", source: https://www.altium.com/ad-start/ (0)
[0322/155325:INFO:CONSOLE(0)] "The source list for Content Security Policy directive 'script-src' contains an invalid source: ''report-sample''. It will be ignored.", source: https://www.altium.com/documentation/ (0)
[0322/155325:INFO:CONSOLE(0)] "Unrecognized Content-Security-Policy directive 'worker-src'.
", source: https://www.altium.com/documentation/ (0)
[0322/155326:INFO:CONSOLE(10)] "Uncaught SyntaxError: Unexpected token )", source: https://www.altium.com/documentation/core/misc/drupalSettingsLoader.js?v=10.2.2 (10)
[0322/155326:INFO:CONSOLE(52)] "Uncaught SyntaxError: Unexpected token )", source: https://www.altium.com/documentation/core/misc/drupal.js?v=10.2.2 (52)
[0322/155326:INFO:CONSOLE(34)] "Uncaught ReferenceError: Drupal is not defined", source: https://www.altium.com/documentation/core/misc/drupal.init.js?v=10.2.2 (34)
[0322/155326:INFO:CONSOLE(3)] "Uncaught ReferenceError: Drupal is not defined", source: https://www.altium.com/documentation/themes/custom/altium_doc/scripts/syntaxhighlighter/init_highlighter.js?v=10.2.2 (3)
[0322/155326:INFO:CONSOLE(1)] "Uncaught ReferenceError: Drupal is not defined", source: https://www.altium.com/documentation/themes/custom/altium_doc/html/dist/js/main.min.js?v=10.2.2 (1)
[0322/155326:INFO:CONSOLE(39)] "Uncaught ReferenceError: Drupal is not defined", source: https://www.altium.com/documentation/themes/custom/altium_doc/scripts/frontend-enhancements.js?v=10.2.2 (39)
[0322/155326:INFO:CONSOLE(150)] "Uncaught SyntaxError: Unexpected token )", source: https://www.altium.com/documentation/core/misc/progress.js?v=10.2.2 (150)
[0322/155326:INFO:CONSOLE(29)] "Uncaught ReferenceError: Drupal is not defined", source: https://www.altium.com/documentation/core/misc/debounce.js?v=10.2.2 (29)
[0322/155326:INFO:CONSOLE(117)] "Uncaught ReferenceError: Drupal is not defined", source: https://www.altium.com/documentation/core/misc/announce.js?v=10.2.2 (117)
[0322/155326:INFO:CONSOLE(114)] "Uncaught SyntaxError: Unexpected token )", source: https://www.altium.com/documentation/core/misc/message.js?v=10.2.2 (114)
[0322/155326:INFO:CONSOLE(21)] "Uncaught SyntaxError: Unexpected token )", source: https://www.altium.com/documentation/core/misc/ajax.js?v=10.2.2 (21)
[0322/155326:INFO:CONSOLE(12)] "Uncaught ReferenceError: Drupal is not defined", source: https://www.altium.com/documentation/themes/custom/stable/js/ajax.js?v=10.2.2 (12)
[0322/155326:INFO:CONSOLE(158)] "Uncaught SyntaxError: Unexpected token )", source: https://www.altium.com/documentation/core/misc/displace.js?v=10.2.2 (158)
[0322/155326:INFO:CONSOLE(17)] "Uncaught ReferenceError: Drupal is not defined", source: https://www.altium.com/documentation/core/misc/jquery.tabbable.shim.js?v=10.2.2 (17)
[0322/155326:INFO:CONSOLE(309)] "Uncaught SyntaxError: Unexpected token )", source: https://www.altium.com/documentation/core/misc/position.js?v=10.2.2 (309)
[0322/155326:INFO:CONSOLE(107)] "Uncaught ReferenceError: Drupal is not defined", source: https://www.altium.com/documentation/core/misc/dialog/dialog.js?v=10.2.2 (107)
[0322/155326:INFO:CONSOLE(17)] "Uncaught SyntaxError: Unexpected token )", source: https://www.altium.com/documentation/core/misc/dialog/dialog.position.js?v=10.2.2 (17)
[0322/155326:INFO:CONSOLE(98)] "Uncaught SyntaxError: Unexpected token )", source: https://www.altium.com/documentation/core/misc/dialog/dialog.ajax.js?v=10.2.2 (98)
[0322/155326:INFO:CONSOLE(125)] "Uncaught ReferenceError: Drupal is not defined", source: https://www.altium.com/documentation/modules/custom/altium_doc_feedback/js/altium-doc-feedback.js?saqxtm (125)
[0322/155326:INFO:CONSOLE(48)] "Uncaught ReferenceError: Drupal is not defined", source: https://www.altium.com/documentation/modules/custom/altium_doc_report_issue/js/report-issue.js?v=1.x (48)
[0322/155326:INFO:CONSOLE(14)] "Uncaught ReferenceError: Drupal is not defined", source: https://www.altium.com/documentation/modules/custom/altium_doc_menu/js/altium_doc_menu_add_link.js?saqxtm (14)
[0322/155326:INFO:CONSOLE(15)] "Uncaught ReferenceError: drupalSettings is not defined", source: https://www.altium.com/documentation/core/modules/statistics/statistics.js?v=10.2.2 (15)
[0322/155326:INFO:CONSOLE(33)] "Uncaught ReferenceError: Drupal is not defined", source: https://www.altium.com/documentation/modules/custom/altium_doc_menu/js/altium_doc_menu_active_link.js?saqxtm (33)
[0322/155326:INFO:CONSOLE(32)] "Uncaught ReferenceError: Drupal is not defined", source: https://www.altium.com/documentation/modules/custom/altium_doc_version/js/altium_doc_version_redirect.js?saqxtm (32)
[0322/155326:INFO:CONSOLE(49)] "Uncaught ReferenceError: Drupal is not defined", source: https://www.altium.com/documentation/modules/custom/altium_doc_version/js/altium_doc_version_popup.js?saqxtm (49)
[0322/155326:INFO:CONSOLE(141)] "Uncaught SyntaxError: Unexpected token )", source: https://www.altium.com/documentation/core/misc/form.js?v=10.2.2 (141)
[0322/155326:INFO:CONSOLE(2)] "Uncaught SyntaxError: Unexpected identifier", source: https://profile.altium.com/user-info-injectable-to-header/index.js (2)
[0322/155327:INFO:CONSOLE(2)] "Uncaught SyntaxError: Unexpected token ...", source: https://profile.altium.com/global/common.js (2)
[0322/155327:INFO:CONSOLE(7)] "Uncaught (in promise) TypeError: e.append is not a function", source: https://cdn.cookielaw.org/scripttemplates/202402.1.0/otBannerSdk.js (7)
[0322/155327:INFO:CONSOLE(122)] "Uncaught TypeError: link.closest(...).after is not a function", source: https://cdn-shared.altium.com/production/onetrust/onetrust.js (122)
[0322/155328:INFO:CONSOLE(0)] "The source list for Content Security Policy directive 'script-src' contains an invalid source: ''report-sample''. It will be ignored.", source: https://www.altium.com/ad-start/ (0)
[0322/155328:INFO:CONSOLE(0)] "Unrecognized Content-Security-Policy directive 'worker-src'.
", source: https://www.altium.com/ad-start/ (0)
[0326/140034:INFO:CONSOLE(0)] "The source list for Content Security Policy directive 'script-src' contains an invalid source: ''report-sample''. It will be ignored.", source: https://www.altium.com/ad-start/ (0)
[0326/140034:INFO:CONSOLE(0)] "Unrecognized Content-Security-Policy directive 'worker-src'.
", source: https://www.altium.com/ad-start/ (0)
[0328/141907:INFO:CONSOLE(0)] "The source list for Content Security Policy directive 'script-src' contains an invalid source: ''report-sample''. It will be ignored.", source: https://www.altium.com/ad-start/ (0)
[0328/141907:INFO:CONSOLE(0)] "Unrecognized Content-Security-Policy directive 'worker-src'.
", source: https://www.altium.com/ad-start/ (0)
[0506/160607:INFO:CONSOLE(0)] "The source list for Content Security Policy directive 'script-src' contains an invalid source: ''report-sample''. It will be ignored.", source: https://www.altium.com/ad-start/ (0)
[0506/160607:INFO:CONSOLE(0)] "Unrecognized Content-Security-Policy directive 'worker-src'.
", source: https://www.altium.com/ad-start/ (0)
[0507/182447:INFO:CONSOLE(0)] "The source list for Content Security Policy directive 'script-src' contains an invalid source: ''report-sample''. It will be ignored.", source: https://www.altium.com/ad-start/ (0)
[0507/182447:INFO:CONSOLE(0)] "Unrecognized Content-Security-Policy directive 'worker-src'.
", source: https://www.altium.com/ad-start/ (0)
