21.04.2024 22:26:34; Receiver; ??0??I; RxString
21.04.2024 22:44:52; Receiver; ??0??I; RxString
21.04.2024 22:44:55; lomi; ??0??I; lomi
21.04.2024 22:46:07; Receiver; ??0??I; RxString
21.04.2024 22:46:08; lomi; ??0??I; lomi
21.04.2024 23:27:31; Receiver; Cross-thread operation not valid: Control 'txtVeliki' accessed from a thread other than the thread it was created on.; Greska
21.04.2024 23:28:32; lomi; novi dogadjaj\nadresa citaca: 1\nkartica nije validna\nbroj kartice: 55\n------------------------\n; lomi
21.04.2024 23:28:39; Receiver; Value was either too large or too small for an unsigned byte.; Greska
21.04.2024 23:30:21; Receiver; Value was either too large or too small for an unsigned byte.; Greska
21.04.2024 23:31:08; Receiver; Value was either too large or too small for an unsigned byte.; Greska
21.04.2024 23:32:57; Receiver; Value was either too large or too small for an unsigned byte.; Greska
21.04.2024 23:33:22; Receiver; Value was either too large or too small for an unsigned byte.; Greska
21.04.2024 23:33:50; Receiver; Value was either too large or too small for an unsigned byte.; Greska
1.5.2024. 16:50:20; ; comrec2; 12541616420
1.5.2024. 16:52:52; ; comrec2; 1-254-1-6-164-2-0
1.5.2024. 16:56:12; card:696332288; comrec2; 1-254-1-6-164-2-0
1.5.2024. 17:11:08; card:309761; comrec2; 1-254-1-2-178-6-1
02.05.2024 16:13:48; card:696332288; comrec2; 1-254-1-6-164-2-0
02.05.2024 16:14:26; card:696332288; comrec2; 1-254-1-6-164-2-0
02.05.2024 16:17:20; card:696332288; comrec2; 1-254-1-6-164-2-0
02.05.2024 18:36:27; card:3185363; comrec0; StartIndex cannot be less than zero.
Parameter name: startIndex
05.05.2024 00:09:35; card:2077611; comrec2; 1-254-1-6-164-2-0
05.05.2024 00:10:05; card:3185363; comrec2; 1-254-1-6-164-2-0
05.05.2024 08:52:57; card:109888; comrec1; 254-1-3-163-1-6-1
20. 5. 2024. 10:34:46; card:0; comrec1; 0-0-0-0-0-0-0
20. 5. 2024. 10:34:47; card:0; comrec1; 0-0-0-0-0-0-0
20. 5. 2024. 10:34:47; card:0; comrec1; 0-0-0-0-0-0-0
20. 5. 2024. 10:50:35; card:0; comrec1; 96-251-225-206-165-234-254
20. 5. 2024. 10:52:38; card:0; comrec1; 129-254-226-132-164-193-254
20. 5. 2024. 10:52:38; card:0; comrec1; 0-0-0-0-0-0-0
20. 5. 2024. 12:22:53; card:0; comrec1; 255-0-0-0-0-0-0
20. 5. 2024. 12:22:57; card:0; comrec1; 255-0-0-0-0-0-0
20. 5. 2024. 12:22:57; card:0; comrec1; 247-255-255-255-222-223-255
20. 5. 2024. 12:22:59; card:0; comrec1; 252-0-0-0-0-0-0
20. 5. 2024. 12:23:02; card:0; comrec1; 222-255-255-0-0-0-0
20. 5. 2024. 12:23:02; card:0; comrec1; 238-0-0-0-0-0-0
20. 5. 2024. 12:23:02; card:0; comrec1; 238-0-0-0-0-0-0
20. 5. 2024. 12:23:03; card:0; comrec1; 255-0-0-0-0-0-0
20. 5. 2024. 12:23:03; card:0; comrec1; 118-0-0-0-0-0-0
20. 5. 2024. 12:23:03; card:0; comrec1; 255-182-0-0-0-0-0
20. 5. 2024. 12:23:03; card:0; comrec1; 182-0-0-0-0-0-0
20. 5. 2024. 12:23:03; card:0; comrec1; 183-182-182-0-0-0-0
20. 5. 2024. 12:23:03; card:0; comrec1; 183-183-182-183-183-0-0
20. 5. 2024. 12:23:03; card:0; comrec1; 183-0-0-0-0-0-0
20. 5. 2024. 12:23:03; card:0; comrec1; 183-182-183-182-183-183-0
20. 5. 2024. 12:23:03; card:0; comrec1; 223-183-183-0-0-0-0
20. 5. 2024. 12:23:03; card:0; comrec1; 255-183-183-183-182-183-0
20. 5. 2024. 12:23:03; card:0; comrec1; 182-183-223-183-183-183-183
20. 5. 2024. 12:23:03; card:0; comrec1; 255-183-191-183-182-183-255
20. 5. 2024. 12:23:03; card:0; comrec1; 247-183-183-183-183-191-183
20. 5. 2024. 12:23:03; card:0; comrec1; 191-183-183-182-183-183-255
20. 5. 2024. 12:23:03; card:0; comrec1; 191-247-183-183-182-191-191
20. 5. 2024. 12:23:03; card:0; comrec1; 255-183-191-183-191-182-179
20. 5. 2024. 12:23:03; card:0; comrec1; 191-255-183-191-255-223-255
20. 5. 2024. 12:23:03; card:0; comrec1; 191-155-255-191-223-255-191
20. 5. 2024. 12:23:03; card:0; comrec1; 191-183-191-191-255-255-183
20. 5. 2024. 12:23:03; card:0; comrec1; 223-255-255-183-183-255-255
20. 5. 2024. 12:23:04; card:0; comrec1; 223-255-255-255-191-191-223
20. 5. 2024. 12:23:04; card:0; comrec1; 255-223-255-255-251-223-223
20. 5. 2024. 12:23:04; card:0; comrec1; 255-255-251-255-251-251-219
20. 5. 2024. 12:23:04; card:0; comrec1; 223-255-219-219-219-219-255
20. 5. 2024. 12:23:04; card:0; comrec1; 219-219-219-223-255-223-219
20. 5. 2024. 12:23:04; card:0; comrec1; 219-219-219-219-219-219-219
20. 5. 2024. 12:23:04; card:0; comrec1; 219-251-251-219-219-255-255
20. 5. 2024. 12:23:04; card:0; comrec1; 219-255-219-255-219-255-223
20. 5. 2024. 12:23:04; card:0; comrec1; 255-219-255-255-219-251-219
20. 5. 2024. 12:23:04; card:0; comrec1; 223-255-219-223-223-219-251
20. 5. 2024. 12:23:04; card:0; comrec1; 255-255-219-255-255-251-219
20. 5. 2024. 12:23:04; card:0; comrec1; 255-223-219-219-219-255-255
20. 5. 2024. 12:23:04; card:0; comrec1; 255-219-219-219-255-255-255
20. 5. 2024. 12:23:04; card:0; comrec1; 219-219-219-219-219-251-251
20. 5. 2024. 12:23:04; card:0; comrec1; 255-255-223-223-223-223-255
20. 5. 2024. 12:23:04; card:0; comrec1; 255-255-255-219-251-251-223
20. 5. 2024. 12:23:04; card:0; comrec1; 255-223-255-219-219-219-219
20. 5. 2024. 12:23:04; card:0; comrec1; 219-219-219-219-219-219-219
20. 5. 2024. 12:23:04; card:0; comrec1; 219-219-219-219-219-255-219
20. 5. 2024. 12:23:04; card:0; comrec1; 219-219-219-219-219-219-219
20. 5. 2024. 12:23:04; card:0; comrec1; 223-219-219-219-219-251-255
20. 5. 2024. 12:23:04; card:0; comrec1; 223-219-219-219-219-219-219
20. 5. 2024. 12:23:04; card:0; comrec1; 251-223-219-255-219-219-219
20. 5. 2024. 12:23:04; card:0; comrec1; 91-223-251-223-219-223-219
20. 5. 2024. 12:23:04; card:1543233371; comrec1; 255-219-251-219-219-219-91
20. 5. 2024. 12:23:04; card:0; comrec1; 219-219-219-251-219-251-219
20. 5. 2024. 12:23:04; card:2078014299; comrec1; 123-219-219-91-219-219-123
20. 5. 2024. 12:23:04; card:0; comrec1; 123-91-91-251-219-91-219
20. 5. 2024. 12:23:04; card:0; comrec1; 123-91-91-219-91-91-219
20. 5. 2024. 12:23:04; card:1532713819; comrec1; 123-91-127-91-91-123-91
20. 5. 2024. 12:23:04; card:1532713819; comrec1; 91-123-91-91-91-123-91
20. 5. 2024. 12:23:05; card:1534810971; comrec1; 123-91-91-91-91-123-91
20. 5. 2024. 12:23:05; card:2071681883; comrec1; 127-91-123-123-123-91-123
20. 5. 2024. 12:23:05; card:2071691099; comrec1; 91-91-127-223-91-219-123
20. 5. 2024. 12:23:05; card:1532754811; comrec1; 91-123-91-107-91-107-91
20. 5. 2024. 12:23:05; card:2070666107; comrec1; 123-255-91-123-91-127-123
20. 5. 2024. 12:23:05; card:0; comrec1; 239-255-123-127-123-251-255
20. 5. 2024. 12:23:05; card:2136701823; comrec1; 127-255-255-127-251-127-127
20. 5. 2024. 12:23:05; card:2139062271; comrec1; 127-255-127-127-127-127-127
20. 5. 2024. 12:23:05; card:2071952383; comrec1; 127-251-123-127-251-123-123
20. 5. 2024. 12:23:05; card:2071686011; comrec1; 111-251-123-107-123-107-123
20. 5. 2024. 12:23:05; card:1802206075; comrec1; 107-123-123-107-235-123-107
20. 5. 2024. 12:23:05; card:1803254651; comrec1; 111-107-123-111-123-123-107
20. 5. 2024. 12:23:05; card:2070637435; comrec1; 107-107-107-123-107-123-123
20. 5. 2024. 12:23:05; card:1802206059; comrec1; 255-107-123-107-107-107-107
20. 5. 2024. 12:23:05; card:2070637419; comrec1; 255-107-107-123-127-107-123
20. 5. 2024. 12:23:05; card:1802202987; comrec1; 107-123-123-111-107-123-107
20. 5. 2024. 12:23:05; card:1802201963; comrec1; 239-111-107-235-107-107-107
20. 5. 2024. 12:23:05; card:1802201963; comrec1; 111-107-123-107-107-107-107
20. 5. 2024. 12:23:05; card:1803250555; comrec1; 107-107-107-107-123-107-107
20. 5. 2024. 12:23:05; card:1802201963; comrec1; 239-251-255-255-255-235-107
20. 5. 2024. 12:23:05; card:1802201963; comrec1; 107-107-123-107-107-107-107
20. 5. 2024. 12:23:05; card:1803250539; comrec1; 255-255-111-107-107-107-107
20. 5. 2024. 12:23:05; card:1802201963; comrec1; 239-107-107-107-107-107-107
20. 5. 2024. 12:23:05; card:0; comrec1; 255-235-107-123-107-235-235
20. 5. 2024. 12:23:05; card:1802201963; comrec1; 239-255-255-107-107-107-107
20. 5. 2024. 12:23:05; card:0; comrec1; 235-235-123-235-107-107-251
20. 5. 2024. 12:23:05; card:1803283435; comrec1; 255-235-107-235-235-235-107
20. 5. 2024. 12:23:05; card:1803284459; comrec1; 239-107-235-123-107-107-107
20. 5. 2024. 12:23:05; card:0; comrec1; 255-251-171-235-235-235-235
20. 5. 2024. 12:23:05; card:0; comrec1; 239-239-255-255-175-107-235
20. 5. 2024. 12:23:06; card:0; comrec1; 235-235-235-235-235-251-239
20. 5. 2024. 12:23:06; card:0; comrec1; 235-235-235-123-235-235-235
20. 5. 2024. 12:23:06; card:0; comrec1; 235-235-171-235-235-171-251
20. 5. 2024. 12:23:06; card:0; comrec1; 235-235-235-235-235-235-251
20. 5. 2024. 12:23:06; card:0; comrec1; 255-235-251-255-239-255-251
20. 5. 2024. 12:23:06; card:0; comrec1; 255-255-235-235-239-175-235
20. 5. 2024. 12:23:06; card:0; comrec1; 251-251-251-171-235-171-175
20. 5. 2024. 12:23:06; card:0; comrec1; 175-171-235-171-251-175-235
20. 5. 2024. 12:23:06; card:0; comrec1; 175-171-235-235-235-171-175
20. 5. 2024. 12:23:06; card:0; comrec1; 255-239-235-255-255-255-251
20. 5. 2024. 12:23:06; card:0; comrec1; 255-251-251-171-171-235-171
20. 5. 2024. 12:23:06; card:0; comrec1; 255-255-251-171-171-239-171
20. 5. 2024. 12:23:06; card:0; comrec1; 255-255-255-235-175-175-171
20. 5. 2024. 12:23:06; card:0; comrec1; 235-175-171-175-239-239-171
20. 5. 2024. 12:23:06; card:0; comrec1; 175-239-175-171-175-239-239
20. 5. 2024. 12:23:06; card:0; comrec1; 251-255-255-239-175-171-175
20. 5. 2024. 12:23:06; card:0; comrec1; 255-235-175-171-175-239-175
20. 5. 2024. 12:23:06; card:0; comrec1; 175-239-175-175-171-175-235
20. 5. 2024. 12:23:06; card:0; comrec1; 255-255-239-175-171-171-175
20. 5. 2024. 12:23:06; card:0; comrec1; 175-235-175-175-175-175-175
20. 5. 2024. 12:23:06; card:0; comrec1; 239-239-175-175-175-175-239
20. 5. 2024. 12:23:06; card:0; comrec1; 171-175-175-175-239-175-175
20. 5. 2024. 12:23:06; card:0; comrec1; 239-239-175-175-175-175-175
20. 5. 2024. 12:23:06; card:0; comrec1; 175-175-175-175-239-239-175
20. 5. 2024. 12:23:06; card:0; comrec1; 175-239-239-175-175-175-175
20. 5. 2024. 12:23:06; card:0; comrec1; 255-255-255-175-175-175-175
20. 5. 2024. 12:23:06; card:0; comrec1; 175-175-239-175-175-175-175
20. 5. 2024. 12:23:06; card:0; comrec1; 175-239-175-235-175-175-175
20. 5. 2024. 12:23:06; card:0; comrec1; 175-175-239-175-175-175-175
20. 5. 2024. 12:23:06; card:0; comrec1; 175-175-175-175-175-175-175
20. 5. 2024. 12:23:06; card:0; comrec1; 239-255-255-239-255-239-255
20. 5. 2024. 12:23:07; card:0; comrec1; 239-255-239-255-239-239-239
20. 5. 2024. 12:23:07; card:0; comrec1; 239-255-239-255-255-175-175
20. 5. 2024. 12:23:07; card:0; comrec1; 175-239-175-175-239-175-239
20. 5. 2024. 12:23:07; card:0; comrec1; 175-175-175-175-175-175-175
20. 5. 2024. 12:23:07; card:0; comrec1; 175-175-175-191-175-175-175
20. 5. 2024. 12:23:07; card:0; comrec1; 175-175-173-175-173-173-175
20. 5. 2024. 12:23:07; card:0; comrec1; 255-239-255-255-239-239-255
20. 5. 2024. 12:23:07; card:0; comrec1; 175-175-175-175-175-175-175
20. 5. 2024. 12:23:07; card:0; comrec1; 255-239-255-191-255-239-255
20. 5. 2024. 12:23:07; card:0; comrec1; 173-175-175-175-175-175-175
20. 5. 2024. 12:23:07; card:0; comrec1; 175-173-173-175-175-175-175
20. 5. 2024. 12:23:07; card:0; comrec1; 175-175-175-173-173-175-189
20. 5. 2024. 12:23:07; card:0; comrec1; 175-175-191-175-175-189-175
20. 5. 2024. 12:23:07; card:0; comrec1; 255-255-255-255-255-255-255
20. 5. 2024. 12:23:07; card:0; comrec1; 173-175-175-189-173-173-189
20. 5. 2024. 12:23:07; card:0; comrec1; 255-255-255-255-255-255-255
20. 5. 2024. 12:23:07; card:0; comrec1; 175-175-173-189-189-173-173
20. 5. 2024. 12:23:07; card:0; comrec1; 189-189-189-175-189-175-175
20. 5. 2024. 12:23:07; card:0; comrec1; 175-173-189-189-189-175-189
20. 5. 2024. 12:23:07; card:0; comrec1; 189-189-191-189-173-189-189
20. 5. 2024. 12:23:07; card:0; comrec1; 255-255-255-255-255-255-255
20. 5. 2024. 12:23:07; card:0; comrec1; 189-189-175-189-173-189-189
20. 5. 2024. 12:23:07; card:0; comrec1; 255-255-255-255-255-255-255
20. 5. 2024. 12:23:07; card:0; comrec1; 189-173-189-189-189-189-189
20. 5. 2024. 12:23:07; card:0; comrec1; 189-189-189-189-189-189-173
20. 5. 2024. 12:23:07; card:0; comrec1; 189-189-253-189-189-189-189
20. 5. 2024. 12:23:07; card:0; comrec1; 189-173-189-189-189-189-189
20. 5. 2024. 12:23:07; card:0; comrec1; 255-255-255-255-255-253-255
20. 5. 2024. 12:23:07; card:0; comrec1; 175-191-189-191-253-189-189
20. 5. 2024. 12:23:07; card:0; comrec1; 255-255-255-255-253-255-255
20. 5. 2024. 12:23:07; card:0; comrec1; 189-253-191-189-191-253-189
20. 5. 2024. 12:23:08; card:0; comrec1; 191-191-189-189-189-175-191
20. 5. 2024. 12:23:08; card:0; comrec1; 175-255-175-189-189-189-191
20. 5. 2024. 12:23:08; card:0; comrec1; 175-255-175-189-189-189-189
20. 5. 2024. 12:23:08; card:0; comrec1; 191-191-175-253-175-191-253
20. 5. 2024. 12:23:08; card:0; comrec1; 255-255-255-255-255-255-255
20. 5. 2024. 12:23:08; card:0; comrec1; 191-191-175-189-189-253-191
20. 5. 2024. 12:23:08; card:0; comrec1; 175-245-191-189-245-175-189
20. 5. 2024. 12:23:08; card:0; comrec1; 191-255-175-189-189-189-175
20. 5. 2024. 12:23:08; card:0; comrec1; 191-255-253-189-253-175-247
20. 5. 2024. 12:23:08; card:0; comrec1; 255-255-255-255-255-255-253
20. 5. 2024. 12:23:08; card:0; comrec1; 191-189-239-253-253-253-175
20. 5. 2024. 12:23:08; card:0; comrec1; 255-253-255-255-255-255-255
20. 5. 2024. 12:23:08; card:0; comrec1; 255-255-255-255-255-255-255
20. 5. 2024. 12:23:08; card:0; comrec1; 255-175-253-245-253-253-191
20. 5. 2024. 12:23:08; card:0; comrec1; 175-253-245-255-191-245-189
20. 5. 2024. 12:23:08; card:0; comrec1; 191-253-255-191-245-255-253
20. 5. 2024. 12:23:08; card:0; comrec1; 253-247-253-191-253-189-255
20. 5. 2024. 12:23:08; card:0; comrec1; 189-175-253-253-245-255-191
20. 5. 2024. 12:23:08; card:0; comrec1; 253-255-253-191-191-191-245
20. 5. 2024. 12:23:08; card:0; comrec1; 255-189-191-255-189-175-253
20. 5. 2024. 12:23:08; card:0; comrec1; 255-191-253-253-191-253-255
20. 5. 2024. 12:23:08; card:0; comrec1; 255-253-255-253-255-253-255
20. 5. 2024. 12:23:08; card:0; comrec1; 245-245-253-255-253-255-253
20. 5. 2024. 12:23:08; card:0; comrec1; 253-255-189-191-191-245-255
20. 5. 2024. 12:23:08; card:0; comrec1; 253-255-253-245-247-253-255
20. 5. 2024. 12:23:08; card:0; comrec1; 253-191-191-191-253-253-253
20. 5. 2024. 12:23:08; card:0; comrec1; 253-255-253-255-191-255-191
20. 5. 2024. 12:23:08; card:0; comrec1; 253-255-253-245-247-253-255
20. 5. 2024. 12:23:08; card:0; comrec1; 253-255-253-255-189-255-191
20. 5. 2024. 12:23:09; card:0; comrec1; 253-255-253-255-253-247-245
20. 5. 2024. 12:23:09; card:0; comrec1; 253-247-245-247-245-247-245
20. 5. 2024. 12:23:09; card:0; comrec1; 253-255-245-247-245-245-245
20. 5. 2024. 12:23:09; card:0; comrec1; 253-213-245-247-245-245-245
20. 5. 2024. 12:23:09; card:0; comrec1; 253-255-253-255-245-247-245
20. 5. 2024. 12:23:09; card:0; comrec1; 245-245-245-247-245-253-213
20. 5. 2024. 12:23:09; card:0; comrec1; 255-127-255-255-255-247-213
20. 5. 2024. 12:23:09; card:0; comrec1; 221-245-247-245-245-245-245
20. 5. 2024. 12:23:09; card:0; comrec1; 213-213-247-253-247-117-213
20. 5. 2024. 12:23:09; card:0; comrec1; 245-213-85-247-245-247-213
20. 5. 2024. 12:23:09; card:0; comrec1; 255-255-255-255-253-255-213
20. 5. 2024. 12:23:09; card:0; comrec1; 117-215-213-215-245-247-245
20. 5. 2024. 12:23:09; card:1977480533; comrec1; 127-255-255-255-255-255-117
20. 5. 2024. 12:23:09; card:2139095039; comrec1; 127-255-127-255-255-127-127
20. 5. 2024. 12:23:09; card:0; comrec1; 127-255-127-255-127-127-255
20. 5. 2024. 12:23:09; card:0; comrec1; 215-117-253-245-221-213-245
20. 5. 2024. 12:23:09; card:0; comrec1; 127-255-127-255-127-127-215
20. 5. 2024. 12:23:09; card:2139086709; comrec1; 255-255-255-127-255-127-127
20. 5. 2024. 12:23:09; card:2145386495; comrec1; 255-255-255-127-127-255-127
20. 5. 2024. 12:23:09; card:1440044503; comrec1; 127-85-85-117-247-117-85
20. 5. 2024. 12:23:09; card:1968567765; comrec1; 127-87-245-87-93-215-117
20. 5. 2024. 12:23:09; card:2147450751; comrec1; 255-255-255-255-255-255-127
20. 5. 2024. 12:23:09; card:1467340117; comrec1; 85-221-213-85-215-117-87
20. 5. 2024. 12:23:09; card:1574262231; comrec1; 127-127-87-93-215-117-93
20. 5. 2024. 12:23:10; card:2002613717; comrec1; 127-127-255-255-127-127-119
20. 5. 2024. 12:23:10; card:2136856405; comrec1; 255-255-127-127-253-255-127
20. 5. 2024. 12:23:10; card:0; comrec1; 127-255-127-127-127-127-255
20. 5. 2024. 12:23:10; card:0; comrec1; 255-127-253-127-85-93-213
20. 5. 2024. 12:23:10; card:1969083733; comrec1; 117-93-117-93-117-85-117
20. 5. 2024. 12:23:10; card:2139062269; comrec1; 127-127-255-127-127-127-127
20. 5. 2024. 12:23:10; card:1431655765; comrec1; 87-85-85-85-87-117-85
20. 5. 2024. 12:23:10; card:0; comrec1; 127-253-127-127-253-127-255
20. 5. 2024. 12:23:10; card:1968559477; comrec1; 127-127-127-253-119-87-117
20. 5. 2024. 12:23:10; card:0; comrec1; 127-253-127-255-127-127-255
20. 5. 2024. 12:23:10; card:1467307893; comrec1; 87-117-87-117-87-117-87
20. 5. 2024. 12:23:10; card:1433753461; comrec1; 95-127-127-127-85-117-85
20. 5. 2024. 12:23:10; card:1467307893; comrec1; 213-85-85-117-87-117-87
20. 5. 2024. 12:23:10; card:2147450751; comrec1; 127-127-255-255-255-127-127
20. 5. 2024. 12:23:10; card:1567972565; comrec1; 93-87-85-93-213-117-93
20. 5. 2024. 12:23:10; card:0; comrec1; 127-127-95-253-127-255-255
20. 5. 2024. 12:23:10; card:1433755093; comrec1; 117-93-117-93-85-117-85
20. 5. 2024. 12:23:10; card:2139094911; comrec1; 127-127-127-95-127-127-127
20. 5. 2024. 12:23:10; card:2139094911; comrec1; 255-255-255-255-255-95-127
20. 5. 2024. 12:23:10; card:1969050997; comrec1; 117-93-87-85-93-213-117
20. 5. 2024. 12:23:10; card:0; comrec1; 127-255-127-255-127-127-255
20. 5. 2024. 12:23:11; card:2139062143; comrec1; 127-255-255-127-127-255-127
20. 5. 2024. 12:23:11; card:0; comrec1; 85-117-93-213-117-93-213
20. 5. 2024. 12:23:11; card:1561818453; comrec1; 127-127-127-127-127-117-93
20. 5. 2024. 12:23:11; card:1431656309; comrec1; 85-93-87-117-93-87-85
20. 5. 2024. 12:23:11; card:1465210741; comrec1; 255-127-127-127-117-85-87
20. 5. 2024. 12:23:11; card:2139094911; comrec1; 127-127-255-127-255-127-127
20. 5. 2024. 12:23:11; card:1968559445; comrec1; 87-117-85-87-85-85-117
20. 5. 2024. 12:23:11; card:0; comrec1; 255-127-127-255-255-127-255
20. 5. 2024. 12:23:11; card:1969051509; comrec1; 87-117-85-117-93-85-117
20. 5. 2024. 12:23:11; card:1465218397; comrec1; 127-127-127-127-127-127-87
20. 5. 2024. 12:23:11; card:1431657815; comrec1; 85-117-93-213-117-93-85
20. 5. 2024. 12:23:11; card:1574403933; comrec1; 85-85-117-85-85-117-93
20. 5. 2024. 12:23:11; card:1968657757; comrec1; 85-93-85-117-85-87-117
20. 5. 2024. 12:23:11; card:1431819637; comrec1; 117-93-85-117-85-87-85
20. 5. 2024. 12:23:11; card:2139062143; comrec1; 255-255-255-127-127-127-127
20. 5. 2024. 12:23:11; card:1565906293; comrec1; 127-127-255-127-127-127-93
20. 5. 2024. 12:23:11; card:1440044373; comrec1; 213-85-93-87-117-93-85
20. 5. 2024. 12:23:11; card:1969051477; comrec1; 85-85-87-85-85-85-117
20. 5. 2024. 12:23:11; card:2136429941; comrec1; 127-127-127-127-127-95-127
20. 5. 2024. 12:23:11; card:1565873493; comrec1; 93-85-117-93-85-117-93
20. 5. 2024. 12:23:11; card:2139059541; comrec1; 127-127-127-127-127-255-127
20. 5. 2024. 12:23:11; card:2139062143; comrec1; 255-127-127-95-127-127-127
20. 5. 2024. 12:23:11; card:1433752917; comrec1; 85-85-85-87-117-85-85
20. 5. 2024. 12:23:11; card:2139062143; comrec1; 223-255-127-127-127-127-127
20. 5. 2024. 12:23:12; card:1431655765; comrec1; 255-127-127-127-93-87-85
20. 5. 2024. 12:23:12; card:0; comrec1; 127-127-127-255-127-127-253
20. 5. 2024. 12:23:12; card:2147319679; comrec1; 255-255-255-255-95-127-127
20. 5. 2024. 12:23:12; card:1465210205; comrec1; 213-117-93-87-85-85-87
20. 5. 2024. 12:23:12; card:2139062143; comrec1; 255-255-255-127-127-127-127
20. 5. 2024. 12:23:12; card:2139062143; comrec1; 127-127-127-127-127-127-127
20. 5. 2024. 12:23:12; card:2139062143; comrec1; 127-253-127-127-127-127-127
20. 5. 2024. 12:23:12; card:1566004565; comrec1; 85-85-117-93-87-117-93
20. 5. 2024. 12:23:12; card:2139062143; comrec1; 127-127-127-127-127-255-127
20. 5. 2024. 12:23:12; card:2139062143; comrec1; 127-127-127-127-127-127-127
20. 5. 2024. 12:23:12; card:1431657813; comrec1; 93-85-85-85-85-85-85
20. 5. 2024. 12:23:12; card:1431688565; comrec1; 127-127-127-127-127-87-85
20. 5. 2024. 12:23:12; card:2139062143; comrec1; 127-95-127-127-255-127-127
20. 5. 2024. 12:23:12; card:2139062271; comrec1; 127-127-127-127-127-127-127
20. 5. 2024. 12:23:12; card:1431655773; comrec1; 85-85-85-85-117-85-85
20. 5. 2024. 12:23:12; card:1565906261; comrec1; 127-127-127-127-253-85-93
20. 5. 2024. 12:23:12; card:1969051477; comrec1; 127-127-127-127-127-127-117
20. 5. 2024. 12:23:12; card:0; comrec1; 255-191-255-255-255-127-253
20. 5. 2024. 12:23:12; card:1465218389; comrec1; 87-117-93-87-117-93-87
20. 5. 2024. 12:23:12; card:2147450751; comrec1; 127-127-127-127-253-127-127
20. 5. 2024. 12:23:13; card:1431786845; comrec1; 85-85-85-85-85-85-85
20. 5. 2024. 12:23:13; card:2136300887; comrec1; 127-127-255-127-127-127-127
20. 5. 2024. 12:23:13; card:2139062143; comrec1; 255-255-255-127-127-127-127
20. 5. 2024. 12:23:13; card:1465218389; comrec1; 85-85-93-87-85-85-87
20. 5. 2024. 12:23:13; card:1431655773; comrec1; 127-93-87-85-85-85-85
20. 5. 2024. 12:23:13; card:1467309399; comrec1; 127-85-87-85-85-85-87
20. 5. 2024. 12:23:13; card:2139053951; comrec1; 255-255-255-255-95-127-127
20. 5. 2024. 12:23:13; card:2139062143; comrec1; 247-223-255-255-223-127-127
20. 5. 2024. 12:23:13; card:1431663965; comrec1; 127-117-93-87-85-85-85
20. 5. 2024. 12:23:13; card:0; comrec1; 255-255-191-191-255-255-255
20. 5. 2024. 12:23:13; card:2147442559; comrec1; 255-247-255-255-127-127-127
20. 5. 2024. 12:23:13; card:2139062143; comrec1; 255-255-255-255-95-223-127
20. 5. 2024. 12:23:13; card:1431655767; comrec1; 127-95-117-85-85-87-85
20. 5. 2024. 12:23:13; card:0; comrec1; 253-253-191-191-191-253-255
20. 5. 2024. 12:23:14; card:2147483647; comrec1; 239-255-255-125-255-223-127
24. 5. 2024. 15:59:25; card:11581709; comrec2; 1-254-1-6-164-2-0
24. 5. 2024. 15:59:28; card:3193101; comrec2; 1-254-1-6-246-2-0
24. 5. 2024. 16:01:30; card:3193101; comrec1; 1-254-28-131-164-2-0
24. 5. 2024. 16:16:26; card:0; comrec1; 0-0-0-0-0-0-0
24. 5. 2024. 16:16:58; card:0; comrec1; 255-255-255-248-191-215-0
24. 5. 2024. 16:16:58; card:0; comrec1; 240-0-140-0-0-0-0
24. 5. 2024. 16:16:58; card:0; comrec1; 236-192-0-0-192-206-223
24. 5. 2024. 16:16:58; card:0; comrec1; 248-0-0-0-0-0-0
24. 5. 2024. 16:16:59; card:0; comrec1; 0-0-0-0-0-0-0
24. 5. 2024. 16:17:31; card:270598144; comrec1; 238-0-254-224-224-192-16
3. 6. 2024. 12:43:24; card:0; comrec1; 31-246-0-0-0-0-0
3. 6. 2024. 12:43:24; card:5242880; comrec1; 240-2-5-99-112-255-0
3. 6. 2024. 12:43:24; card:0; comrec1; 0-0-0-64-0-0-0
3. 6. 2024. 12:47:02; card:0; comrec1; 254-0-0-0-0-0-0
3. 6. 2024. 12:47:06; card:0; comrec1; 255-0-0-0-0-0-0
3. 6. 2024. 12:47:06; card:0; comrec1; 255-0-0-0-0-0-0
3. 6. 2024. 12:47:21; card:0; comrec1; 0-255-0-0-0-0-0
3. 6. 2024. 12:47:21; card:0; comrec1; 0-160-0-0-0-0-0
3. 6. 2024. 12:47:26; card:0; comrec1; 0-0-0-0-0-0-0
3. 6. 2024. 12:47:26; card:0; comrec1; 254-0-241-0-0-0-0
3. 6. 2024. 13:03:00; card:0; comrec1; 255-0-0-0-0-0-0
3. 6. 2024. 13:03:00; card:0; comrec1; 255-0-0-0-0-0-0
3. 6. 2024. 13:03:01; card:0; comrec1; 253-240-0-0-0-0-0
19. 6. 2024. 19:07:41; card:0; comrec0; Arithmetic operation resulted in an overflow.
